2025-10-01 14:07:04,918 [INFO] Activator:176 - 


2025-10-01 14:07:04,919 [INFO] Activator:177 - !SESSION log4j initialized
2025-10-01 14:07:06,299 [INFO] LogOutputStream:77 - [STDOUT_REDIRECT] 
2025-10-01 14:07:07,721 [INFO] ApplicationProperties:184 - Using Application install path: /opt/st/stm32cubeide_1.19.0/plugins/com.st.stm32cube.common.mx_6.15.0.202507011659
2025-10-01 14:07:07,732 [INFO] DbMcusXml:78 - Set database path to: /opt/st/stm32cubeide_1.19.0/plugins/com.st.stm32cube.common.mx_6.15.0.202507011659//db//mcu/
2025-10-01 14:07:07,732 [INFO] ApiDb:274 - Set plugin database path to: /opt/st/stm32cubeide_1.19.0/plugins/com.st.stm32cube.common.mx_6.15.0.202507011659//db//plugins/boardmanager/
2025-10-01 14:07:07,732 [WARN] ApiDb:259 - Overriding images path with different value:  => /opt/st/stm32cubeide_1.19.0/plugins/com.st.stm32cube.common.mx_6.15.0.202507011659//db//plugins/mcufinder/images/
2025-10-01 14:07:07,734 [INFO] ApiDb:250 - Set database path to: /home/sumithdhage/.stmcufinder/plugins/mcufinder//mcu/
2025-10-01 14:07:07,735 [INFO] DbMcusAds:125 - Set database path to: /home/sumithdhage/.stmcufinder/plugins/mcufinder//mcu/
2025-10-01 14:07:07,736 [INFO] CrossReferenceDbSqlite:203 - Set database path to: /home/sumithdhage/.stmcufinder/plugins/mcufinder//mcu/cs/
2025-10-01 14:07:07,818 [INFO] RulesReader:64 - Compatibility file has been processed (317 Rules)
2025-10-01 14:07:07,854 [INFO] DbMcusXml:78 - Set database path to: /opt/st/stm32cubeide_1.19.0/plugins/com.st.stm32cube.common.mx_6.15.0.202507011659//db//mcu/
2025-10-01 14:07:07,854 [INFO] ApiDb:274 - Set plugin database path to: /opt/st/stm32cubeide_1.19.0/plugins/com.st.stm32cube.common.mx_6.15.0.202507011659//db//plugins/boardmanager/
2025-10-01 14:07:07,855 [INFO] ApiDb:261 - Set plugin images path to: /opt/st/stm32cubeide_1.19.0/plugins/com.st.stm32cube.common.mx_6.15.0.202507011659//db//plugins/mcufinder/images/
2025-10-01 14:07:07,855 [WARN] DbFile:41 - Overriding database path with different value: /home/sumithdhage/.stmcufinder/plugins/mcufinder/ => /home/sumithdhage/.stmcufinder/plugins/mcufinder
2025-10-01 14:07:07,855 [INFO] ApiDb:250 - Set database path to: /home/sumithdhage/.stmcufinder/plugins/mcufinder//mcu/
2025-10-01 14:07:07,855 [WARN] DbFile:41 - Overriding database path with different value: /home/sumithdhage/.stmcufinder/plugins/mcufinder/ => /home/sumithdhage/.stmcufinder/plugins/mcufinder
2025-10-01 14:07:07,855 [INFO] DbMcusAds:125 - Set database path to: /home/sumithdhage/.stmcufinder/plugins/mcufinder//mcu/
2025-10-01 14:07:07,855 [WARN] DbFile:41 - Overriding database path with different value: /home/sumithdhage/.stmcufinder/plugins/mcufinder/ => /home/sumithdhage/.stmcufinder/plugins/mcufinder
2025-10-01 14:07:07,855 [WARN] DbFile:41 - Overriding database path with different value: /home/sumithdhage/.stmcufinder/plugins/mcufinder/ => /home/sumithdhage/.stmcufinder/plugins/mcufinder
2025-10-01 14:07:07,855 [INFO] CrossReferenceDbSqlite:203 - Set database path to: /home/sumithdhage/.stmcufinder/plugins/mcufinder//mcu/cs/
2025-10-01 14:07:07,893 [INFO] MainPanel:274 - HeapMemory: 268435456
2025-10-01 14:07:07,954 [INFO] DbMcusXml:78 - Set database path to: /opt/st/stm32cubeide_1.19.0/plugins/com.st.stm32cube.common.mx_6.15.0.202507011659//db//mcu/
2025-10-01 14:07:07,955 [INFO] ApiDb:274 - Set plugin database path to: /opt/st/stm32cubeide_1.19.0/plugins/com.st.stm32cube.common.mx_6.15.0.202507011659//db//plugins/boardmanager/
2025-10-01 14:07:07,955 [INFO] ApiDb:261 - Set plugin images path to: /opt/st/stm32cubeide_1.19.0/plugins/com.st.stm32cube.common.mx_6.15.0.202507011659//db//plugins/mcufinder/images/
2025-10-01 14:07:07,955 [WARN] DbFile:41 - Overriding database path with different value: /home/sumithdhage/.stmcufinder/plugins/mcufinder/ => /home/sumithdhage/.stmcufinder/plugins/mcufinder
2025-10-01 14:07:07,955 [INFO] ApiDb:250 - Set database path to: /home/sumithdhage/.stmcufinder/plugins/mcufinder//mcu/
2025-10-01 14:07:07,955 [WARN] DbFile:41 - Overriding database path with different value: /home/sumithdhage/.stmcufinder/plugins/mcufinder/ => /home/sumithdhage/.stmcufinder/plugins/mcufinder
2025-10-01 14:07:07,955 [INFO] DbMcusAds:125 - Set database path to: /home/sumithdhage/.stmcufinder/plugins/mcufinder//mcu/
2025-10-01 14:07:07,955 [WARN] DbFile:41 - Overriding database path with different value: /home/sumithdhage/.stmcufinder/plugins/mcufinder/ => /home/sumithdhage/.stmcufinder/plugins/mcufinder
2025-10-01 14:07:07,955 [WARN] DbFile:41 - Overriding database path with different value: /home/sumithdhage/.stmcufinder/plugins/mcufinder/ => /home/sumithdhage/.stmcufinder/plugins/mcufinder
2025-10-01 14:07:07,955 [INFO] CrossReferenceDbSqlite:203 - Set database path to: /home/sumithdhage/.stmcufinder/plugins/mcufinder//mcu/cs/
2025-10-01 14:07:07,965 [INFO] ApplicationProperties:184 - Using Application install path: /opt/st/stm32cubeide_1.19.0/plugins/com.st.stm32cube.common.mx_6.15.0.202507011659
2025-10-01 14:07:07,966 [INFO] PluginManage:196 - Search for loadable plugins [exclusion list=, ]
2025-10-01 14:07:07,967 [INFO] PluginManage:310 - Check plugin analytics
2025-10-01 14:07:08,080 [INFO] AnalyticsPlugin:253 - Accepted Software Licenses: 
2025-10-01 14:07:08,080 [INFO] AnalyticsPlugin:255 - Accepted CMSIS Pack Licenses: 
2025-10-01 14:07:08,080 [INFO] AnalyticsPlugin:257 - Accepted Firmware Licenses: FW.F4.1.28.0
2025-10-01 14:07:08,082 [INFO] PluginManage:359 - Loaded plugin analytics (category:tool,tabindex:-1)
2025-10-01 14:07:08,083 [INFO] PluginManage:310 - Check plugin cadmodel
2025-10-01 14:07:08,087 [INFO] CADModel:105 - Init CAD model plugin
2025-10-01 14:07:08,087 [INFO] PluginManage:359 - Loaded plugin cadmodel (category:power,tabindex:5)
2025-10-01 14:07:08,088 [INFO] PluginManage:310 - Check plugin clock
2025-10-01 14:07:08,097 [INFO] PluginManage:359 - Loaded plugin clock (category:base,tabindex:2)
2025-10-01 14:07:08,097 [INFO] PluginManage:310 - Check plugin ddr
2025-10-01 14:07:08,100 [INFO] PluginManage:359 - Loaded plugin ddr (category:tool,tabindex:6)
2025-10-01 14:07:08,100 [INFO] PluginManage:310 - Check plugin filemanager
2025-10-01 14:07:08,238 [INFO] PluginManage:359 - Loaded plugin filemanager (category:base,tabindex:10)
2025-10-01 14:07:08,239 [INFO] PluginManage:310 - Check plugin ipmanager
2025-10-01 14:07:08,242 [INFO] PluginManage:359 - Loaded plugin ipmanager (category:base,tabindex:5)
2025-10-01 14:07:08,242 [INFO] PluginManage:310 - Check plugin lpbam
2025-10-01 14:07:08,248 [INFO] PluginManage:359 - Loaded plugin lpbam (category:base,tabindex:0)
2025-10-01 14:07:08,248 [INFO] PluginManage:310 - Check plugin memorymap
2025-10-01 14:07:08,270 [INFO] PluginManage:359 - Loaded plugin memorymap (category:base,tabindex:4)
2025-10-01 14:07:08,271 [INFO] PluginManage:310 - Check plugin pinoutandconfiguration
2025-10-01 14:07:08,277 [INFO] PluginManage:359 - Loaded plugin pinoutandconfiguration (category:base,tabindex:1)
2025-10-01 14:07:08,277 [INFO] PluginManage:310 - Check plugin pinoutconfig
2025-10-01 14:07:08,345 [WARN] SupportedApi:132 - Cannot load RTOS API schema: s4s-elt-must-match.1: The content of 'definitions' must match (annotation?, (simpleType | complexType)?, (unique | key | keyref)*)). A problem was found starting at: attribute.
2025-10-01 14:07:08,414 [INFO] PluginManage:359 - Loaded plugin pinoutconfig (category:base,tabindex:0)
2025-10-01 14:07:08,414 [INFO] PluginManage:310 - Check plugin power
2025-10-01 14:07:08,419 [INFO] PluginManage:359 - Loaded plugin power (category:power,tabindex:4)
2025-10-01 14:07:08,419 [INFO] PluginManage:310 - Check plugin projectmanager
2025-10-01 14:07:08,428 [INFO] PluginManage:359 - Loaded plugin projectmanager (category:projectmanager,tabindex:4)
2025-10-01 14:07:08,428 [INFO] PluginManage:310 - Check plugin rif
2025-10-01 14:07:08,432 [INFO] PluginManage:359 - Loaded plugin rif (category:base,tabindex:3)
2025-10-01 14:07:08,432 [INFO] PluginManage:310 - Check plugin thirdparty
2025-10-01 14:07:08,498 [INFO] PluginManage:359 - Loaded plugin thirdparty (category:base,tabindex:-1)
2025-10-01 14:07:08,499 [INFO] PluginManage:310 - Check plugin tools
2025-10-01 14:07:08,498 [WARN] IntegrityCheckThread:84 - waiting for thirdparty lock release [integrity check]
2025-10-01 14:07:08,499 [INFO] IntegrityCheckThread:86 - entering critical section [integrity check]
2025-10-01 14:07:08,499 [INFO] ThirdPartyUpdaterWithRetryManager:70 - Updater plugin not ready yet. [1/15]
2025-10-01 14:07:08,500 [INFO] PluginManage:359 - Loaded plugin tools (category:base,tabindex:7)
2025-10-01 14:07:08,500 [INFO] PluginManage:310 - Check plugin tutovideos
2025-10-01 14:07:08,619 [INFO] PluginManage:359 - Loaded plugin tutovideos (category:base,tabindex:-1)
2025-10-01 14:07:08,619 [INFO] PluginManage:310 - Check plugin updater
2025-10-01 14:07:08,637 [INFO] PluginManage:359 - Loaded plugin updater (category:base,tabindex:12)
2025-10-01 14:07:08,637 [INFO] PluginManage:310 - Check plugin userauth
2025-10-01 14:07:08,640 [INFO] UserAuth:118 - Init User Auth plugin
2025-10-01 14:07:08,641 [INFO] PluginManage:359 - Loaded plugin userauth (category:base,tabindex:14)
2025-10-01 14:07:08,641 [INFO] PluginManage:283 - PluginManage : Loaded plugins [18]
2025-10-01 14:07:08,751 [INFO] PinOutPanel:1589 - setPackage(No Configuration,No Configuration)
2025-10-01 14:07:08,786 [INFO] CADModel:165 - CPN selected for project level
2025-10-01 14:07:08,786 [INFO] CADModel:114 - Register for checkConnection events
2025-10-01 14:07:08,790 [INFO] IPUIPlugin:80 - create IPUIPlugin
2025-10-01 14:07:08,790 [INFO] PluginManager:220 - loadIPPluginJar : add openamp
2025-10-01 14:07:08,792 [INFO] IPUIPlugin:80 - create IPUIPlugin
2025-10-01 14:07:08,792 [INFO] PluginManager:220 - loadIPPluginJar : add lorawan
2025-10-01 14:07:08,793 [INFO] IPUIPlugin:80 - create IPUIPlugin
2025-10-01 14:07:08,793 [INFO] PluginManager:220 - loadIPPluginJar : add ddr_ctrl_phy
2025-10-01 14:07:08,794 [INFO] IPUIPlugin:80 - create IPUIPlugin
2025-10-01 14:07:08,794 [INFO] PluginManager:220 - loadIPPluginJar : add aes
2025-10-01 14:07:08,795 [INFO] IPUIPlugin:80 - create IPUIPlugin
2025-10-01 14:07:08,795 [INFO] PluginManager:220 - loadIPPluginJar : add dfsdm
2025-10-01 14:07:08,797 [INFO] IPUIPlugin:80 - create IPUIPlugin
2025-10-01 14:07:08,797 [INFO] PluginManager:220 - loadIPPluginJar : add ipddr
2025-10-01 14:07:08,798 [INFO] IPUIPlugin:80 - create IPUIPlugin
2025-10-01 14:07:08,798 [INFO] PluginManager:220 - loadIPPluginJar : add usart
2025-10-01 14:07:08,800 [INFO] IPUIPlugin:80 - create IPUIPlugin
2025-10-01 14:07:08,800 [INFO] PluginManager:220 - loadIPPluginJar : add freertos
2025-10-01 14:07:08,801 [INFO] IPUIPlugin:80 - create IPUIPlugin
2025-10-01 14:07:08,801 [INFO] PluginManager:220 - loadIPPluginJar : add can
2025-10-01 14:07:08,802 [INFO] IPUIPlugin:80 - create IPUIPlugin
2025-10-01 14:07:08,802 [INFO] PluginManager:220 - loadIPPluginJar : add dma3
2025-10-01 14:07:08,803 [INFO] IPUIPlugin:80 - create IPUIPlugin
2025-10-01 14:07:08,803 [INFO] PluginManager:220 - loadIPPluginJar : add comp
2025-10-01 14:07:08,803 [INFO] IPUIPlugin:80 - create IPUIPlugin
2025-10-01 14:07:08,803 [INFO] PluginManager:220 - loadIPPluginJar : add ltdc
2025-10-01 14:07:08,804 [INFO] IPUIPlugin:80 - create IPUIPlugin
2025-10-01 14:07:08,804 [INFO] PluginManager:220 - loadIPPluginJar : add spi
2025-10-01 14:07:08,806 [INFO] IPUIPlugin:80 - create IPUIPlugin
2025-10-01 14:07:08,806 [INFO] PluginManager:220 - loadIPPluginJar : add gpio
2025-10-01 14:07:08,808 [INFO] IPUIPlugin:80 - create IPUIPlugin
2025-10-01 14:07:08,808 [INFO] PluginManager:220 - loadIPPluginJar : add opamp
2025-10-01 14:07:08,810 [INFO] IPUIPlugin:80 - create IPUIPlugin
2025-10-01 14:07:08,812 [INFO] PluginManager:220 - loadIPPluginJar : add plateformsettings
2025-10-01 14:07:08,814 [INFO] IPUIPlugin:80 - create IPUIPlugin
2025-10-01 14:07:08,814 [INFO] PluginManager:220 - loadIPPluginJar : add gic
2025-10-01 14:07:08,815 [INFO] IPUIPlugin:80 - create IPUIPlugin
2025-10-01 14:07:08,815 [INFO] PluginManager:220 - loadIPPluginJar : add cryp
2025-10-01 14:07:08,816 [INFO] IPUIPlugin:80 - create IPUIPlugin
2025-10-01 14:07:08,816 [INFO] PluginManager:220 - loadIPPluginJar : add i3c
2025-10-01 14:07:08,817 [INFO] IPUIPlugin:80 - create IPUIPlugin
2025-10-01 14:07:08,817 [INFO] PluginManager:220 - loadIPPluginJar : add i2s
2025-10-01 14:07:08,817 [INFO] IPUIPlugin:80 - create IPUIPlugin
2025-10-01 14:07:08,817 [INFO] PluginManager:220 - loadIPPluginJar : add quadspi
2025-10-01 14:07:08,818 [INFO] IPUIPlugin:80 - create IPUIPlugin
2025-10-01 14:07:08,818 [INFO] PluginManager:220 - loadIPPluginJar : add extmemmanager
2025-10-01 14:07:08,819 [INFO] IPUIPlugin:80 - create IPUIPlugin
2025-10-01 14:07:08,819 [INFO] PluginManager:220 - loadIPPluginJar : add tim
2025-10-01 14:07:08,822 [INFO] IPUIPlugin:80 - create IPUIPlugin
2025-10-01 14:07:08,822 [INFO] PluginManager:220 - loadIPPluginJar : add mdma
2025-10-01 14:07:08,823 [INFO] IPUIPlugin:80 - create IPUIPlugin
2025-10-01 14:07:08,823 [INFO] PluginManager:220 - loadIPPluginJar : add ts
2025-10-01 14:07:08,824 [INFO] IPUIPlugin:80 - create IPUIPlugin
2025-10-01 14:07:08,824 [INFO] PluginManager:220 - loadIPPluginJar : add nvic
2025-10-01 14:07:08,825 [INFO] IPUIPlugin:80 - create IPUIPlugin
2025-10-01 14:07:08,825 [INFO] PluginManager:220 - loadIPPluginJar : add sai
2025-10-01 14:07:08,827 [INFO] IPUIPlugin:80 - create IPUIPlugin
2025-10-01 14:07:08,827 [INFO] PluginManager:220 - loadIPPluginJar : add fmc
2025-10-01 14:07:08,828 [INFO] IPUIPlugin:80 - create IPUIPlugin
2025-10-01 14:07:08,828 [INFO] PluginManager:220 - loadIPPluginJar : add usbx
2025-10-01 14:07:08,831 [INFO] IPUIPlugin:80 - create IPUIPlugin
2025-10-01 14:07:08,831 [INFO] PluginManager:220 - loadIPPluginJar : add stm32_wpan
2025-10-01 14:07:08,834 [INFO] IPUIPlugin:80 - create IPUIPlugin
2025-10-01 14:07:08,834 [INFO] PluginManager:220 - loadIPPluginJar : add adc
2025-10-01 14:07:08,835 [INFO] IPUIPlugin:80 - create IPUIPlugin
2025-10-01 14:07:08,835 [INFO] PluginManager:220 - loadIPPluginJar : add gtzc
2025-10-01 14:07:08,836 [INFO] IPUIPlugin:80 - create IPUIPlugin
2025-10-01 14:07:08,836 [INFO] PluginManager:220 - loadIPPluginJar : add radio
2025-10-01 14:07:08,837 [INFO] IPUIPlugin:80 - create IPUIPlugin
2025-10-01 14:07:08,837 [INFO] PluginManager:220 - loadIPPluginJar : add hash
2025-10-01 14:07:08,840 [INFO] IPUIPlugin:80 - create IPUIPlugin
2025-10-01 14:07:08,840 [INFO] PluginManager:220 - loadIPPluginJar : add linkedlist
2025-10-01 14:07:08,842 [INFO] IPUIPlugin:80 - create IPUIPlugin
2025-10-01 14:07:08,842 [INFO] PluginManager:220 - loadIPPluginJar : add pdm2pcm
2025-10-01 14:07:08,843 [INFO] IPUIPlugin:80 - create IPUIPlugin
2025-10-01 14:07:08,843 [INFO] PluginManager:220 - loadIPPluginJar : add i2c
2025-10-01 14:07:08,843 [INFO] IPUIPlugin:80 - create IPUIPlugin
2025-10-01 14:07:08,843 [INFO] PluginManager:220 - loadIPPluginJar : add fatfs
2025-10-01 14:07:08,844 [INFO] IPUIPlugin:80 - create IPUIPlugin
2025-10-01 14:07:08,844 [INFO] PluginManager:220 - loadIPPluginJar : add genericplugin
2025-10-01 14:07:08,844 [INFO] IPUIPlugin:80 - create IPUIPlugin
2025-10-01 14:07:08,844 [INFO] PluginManager:220 - loadIPPluginJar : add tracer_emb
2025-10-01 14:07:08,846 [INFO] IPUIPlugin:80 - create IPUIPlugin
2025-10-01 14:07:08,846 [INFO] PluginManager:220 - loadIPPluginJar : add resmgrutility
2025-10-01 14:07:08,847 [INFO] IPUIPlugin:80 - create IPUIPlugin
2025-10-01 14:07:08,847 [INFO] PluginManager:220 - loadIPPluginJar : add touchsensing
2025-10-01 14:07:08,848 [INFO] IPUIPlugin:80 - create IPUIPlugin
2025-10-01 14:07:08,848 [INFO] PluginManager:220 - loadIPPluginJar : add tsc
2025-10-01 14:07:08,849 [INFO] IPUIPlugin:80 - create IPUIPlugin
2025-10-01 14:07:08,849 [INFO] PluginManager:220 - loadIPPluginJar : add gfxmmu
2025-10-01 14:07:08,849 [INFO] IPUIPlugin:80 - create IPUIPlugin
2025-10-01 14:07:08,849 [INFO] PluginManager:220 - loadIPPluginJar : add ucpd
2025-10-01 14:07:08,852 [INFO] IPUIPlugin:80 - create IPUIPlugin
2025-10-01 14:07:08,852 [INFO] PluginManager:220 - loadIPPluginJar : add dma
2025-10-01 14:07:08,942 [FATAL] Updater:351 - Updater called before beeing initialized
2025-10-01 14:07:08,962 [INFO] RulesReader:64 - Compatibility file has been processed (317 Rules)
2025-10-01 14:07:08,969 [INFO] RulesReader:64 - Compatibility file has been processed (317 Rules)
2025-10-01 14:07:08,974 [INFO] CADModel:165 - CPN selected for project level
2025-10-01 14:07:08,974 [INFO] CADModel:114 - Register for checkConnection events
2025-10-01 14:07:08,974 [FATAL] Updater:351 - Updater called before beeing initialized
2025-10-01 14:07:08,974 [ERROR] CADModel:125 - Updater not yet initialized, retry later 
2025-10-01 14:07:09,040 [FATAL] Updater:351 - Updater called before beeing initialized
2025-10-01 14:07:09,041 [INFO] CADModel:165 - CPN selected for project level
2025-10-01 14:07:09,041 [INFO] CADModel:114 - Register for checkConnection events
2025-10-01 14:07:09,041 [FATAL] Updater:351 - Updater called before beeing initialized
2025-10-01 14:07:09,041 [ERROR] CADModel:125 - Updater not yet initialized, retry later 
2025-10-01 14:07:09,043 [FATAL] Updater:351 - Updater called before beeing initialized
2025-10-01 14:07:09,094 [FATAL] Updater:351 - Updater called before beeing initialized
2025-10-01 14:07:09,096 [INFO] DbMcusAds:53 - JSON generation date=Tue Jul 08 13:44:23 IST 2025 (1751962463524)
2025-10-01 14:07:09,096 [FATAL] Updater:351 - Updater called before beeing initialized
2025-10-01 14:07:09,117 [WARN] DetailPanel:346 - Failed to get advertising image, set to default
2025-10-01 14:07:09,172 [FATAL] Updater:351 - Updater called before beeing initialized
2025-10-01 14:07:09,174 [FATAL] Updater:351 - Updater called before beeing initialized
2025-10-01 14:07:09,174 [FATAL] Updater:351 - Updater called before beeing initialized
2025-10-01 14:07:09,174 [WARN] DetailPanel:346 - Failed to get advertising image, set to default
2025-10-01 14:07:09,174 [FATAL] Updater:351 - Updater called before beeing initialized
2025-10-01 14:07:09,195 [ERROR] Updater:1198 - MainUpdater not yet initialized. External WinMGr cannot be set.
2025-10-01 14:07:09,196 [INFO] Updater:1134 - Updater Version found : 6.15.0
2025-10-01 14:07:09,205 [INFO] ApplicationProperties:184 - Using Application install path: /opt/st/stm32cubeide_1.19.0/plugins/com.st.stm32cube.common.mx_6.15.0.202507011659
2025-10-01 14:07:09,213 [ERROR] LogOutputStream:75 - [STDERR_REDIRECT] Oct 01, 2025 2:07:09 PM java.util.prefs.FileSystemPreferences$2 run
2025-10-01 14:07:09,214 [ERROR] LogOutputStream:75 - [STDERR_REDIRECT] WARNING: Could not create system preferences directory. System preferences are unusable.
2025-10-01 14:07:09,214 [ERROR] LogOutputStream:75 - [STDERR_REDIRECT] 
2025-10-01 14:07:09,881 [INFO] MainUpdater:2872 - connection check result : 10
2025-10-01 14:07:09,881 [INFO] MainUpdater:289 - Updater Check For Update Now.
2025-10-01 14:07:09,881 [INFO] MicroXplorer:498 - Change Database Version : DB.6.0.150
2025-10-01 14:07:09,885 [INFO] McuFinderGlobals:63 - Set McuFinder mode to 2 (CubeIDE integrated)
2025-10-01 14:07:09,885 [INFO] UserAuth:487 - Internet connection configuration mode: 1
2025-10-01 14:07:09,895 [INFO] JxBrowserEngine:152 - Initiate JxBrowser Engine with user profile folder
2025-10-01 14:07:10,049 [INFO] CheckServerUpdateThread:120 - End of CheckServer Thread
2025-10-01 14:07:10,337 [INFO] WebApp:169 - Instantiating new browser for Auth
2025-10-01 14:07:10,755 [INFO] WebApp:463 - Apply proxy settings
2025-10-01 14:07:10,755 [INFO] WebApp:548 - Chromium requires no authentication
2025-10-01 14:07:10,760 [INFO] WebApp:491 - Direct internet connection detected
2025-10-01 14:07:10,771 [INFO] WebApp:900 - Register for checkConnection events
2025-10-01 14:07:10,771 [INFO] WebApp:463 - Apply proxy settings
2025-10-01 14:07:10,771 [INFO] WebApp:548 - Chromium requires no authentication
2025-10-01 14:07:10,771 [INFO] WebApp:491 - Direct internet connection detected
2025-10-01 14:07:10,846 [INFO] WebApp:225 - Starting web application
2025-10-01 14:07:10,846 [INFO] WebApp:593 - Web application path used /opt/st/stm32cubeide_1.19.0/plugins/com.st.stm32cube.common.mx_6.15.0.202507011659/db/plugins/mcufinder/reactClient1/index.html
2025-10-01 14:07:10,910 [INFO] UserAuth:487 - Internet connection configuration mode: 1
2025-10-01 14:07:11,592 [WARN] PackLoader:240 - Cannot read IP mode file for STMicroelectronics.FP-SNS-MOTENVWB1.1.4.0
2025-10-01 14:07:11,592 [INFO] WebApp:191 - Connection restablished
2025-10-01 14:07:11,600 [WARN] PackLoader:240 - Cannot read IP mode file for STMicroelectronics.FP-ATR-ASTRA1.2.0.2
2025-10-01 14:07:11,606 [WARN] PackLoader:240 - Cannot read IP mode file for STMicroelectronics.X-CUBE-SMBUS.2.1.0
2025-10-01 14:07:11,609 [WARN] PackLoader:240 - Cannot read IP mode file for STMicroelectronics.X-CUBE-ST60.1.0.0
2025-10-01 14:07:11,632 [WARN] PackLoader:240 - Cannot read IP mode file for STMicroelectronics.X-CUBE-AZRTOS-F7.1.1.0
2025-10-01 14:07:11,639 [WARN] PackLoader:240 - Cannot read IP mode file for Cesanta.I-CUBE-Mongoose.7.19.0
2025-10-01 14:07:11,660 [WARN] PackLoader:240 - Cannot read IP mode file for Infineon.AIROC-Wi-Fi-Bluetooth-STM32.1.7.1
2025-10-01 14:07:11,682 [WARN] PackLoader:240 - Cannot read IP mode file for STMicroelectronics.X-CUBE-DISPLAY.3.0.0
2025-10-01 14:07:11,692 [WARN] PackLoader:240 - Cannot read IP mode file for STMicroelectronics.X-CUBE-NFC10.1.0.0
2025-10-01 14:07:11,697 [WARN] PackLoader:240 - Cannot read IP mode file for STMicroelectronics.FP-SNS-SMARTAG2.1.2.0
2025-10-01 14:07:11,701 [WARN] PackLoader:240 - Cannot read IP mode file for STMicroelectronics.FP-SNS-FLIGHT1.5.1.0
2025-10-01 14:07:11,707 [INFO] LogOutputStream:77 - [STDOUT_REDIRECT] 1 : Invalid condition id : UX_CORESTACK_Condition cause : null
2025-10-01 14:07:11,708 [INFO] LogOutputStream:77 - [STDOUT_REDIRECT] 1 : Invalid condition id : UX_CORESTACK_Condition cause : null
2025-10-01 14:07:11,708 [INFO] LogOutputStream:77 - [STDOUT_REDIRECT] 1 : Invalid condition id : UX_CORESTACK_Condition cause : null
2025-10-01 14:07:11,708 [INFO] LogOutputStream:77 - [STDOUT_REDIRECT] 1 : Invalid condition id : UX_CORESTACK_Condition cause : null
2025-10-01 14:07:11,708 [INFO] LogOutputStream:77 - [STDOUT_REDIRECT] 1 : Invalid condition id : UX_CORESTACK_Condition cause : null
2025-10-01 14:07:11,711 [WARN] PackLoader:240 - Cannot read IP mode file for STMicroelectronics.X-CUBE-AZRTOS-WL.2.0.0
2025-10-01 14:07:11,716 [WARN] PackLoader:240 - Cannot read IP mode file for STMicroelectronics.FP-SNS-MOTENV1.5.0.0
2025-10-01 14:07:11,721 [WARN] PackLoader:240 - Cannot read IP mode file for STMicroelectronics.X-CUBE-BLE2.3.3.0
2025-10-01 14:07:11,726 [WARN] PackLoader:240 - Cannot read IP mode file for STMicroelectronics.X-CUBE-NFC9.1.0.0
2025-10-01 14:07:11,732 [WARN] PackLoader:240 - Cannot read IP mode file for STMicroelectronics.X-CUBE-BLE1.7.1.0
2025-10-01 14:07:11,745 [WARN] PackLoader:240 - Cannot read IP mode file for STMicroelectronics.X-CUBE-AZRTOS-G0.1.1.0
2025-10-01 14:07:11,751 [WARN] PackLoader:240 - Cannot read IP mode file for STMicroelectronics.X-CUBE-SAFEA1.1.2.2
2025-10-01 14:07:11,756 [WARN] PackLoader:240 - Cannot read IP mode file for STMicroelectronics.X-CUBE-NFC4.3.0.0
2025-10-01 14:07:11,763 [WARN] PackLoader:240 - Cannot read IP mode file for EmbeddedOffice.I-CUBE-FS-RTOS.1.0.1
2025-10-01 14:07:11,767 [WARN] PackLoader:240 - Cannot read IP mode file for STMicroelectronics.X-CUBE-WB05N.2.0.0
2025-10-01 14:07:11,772 [WARN] PackLoader:240 - Cannot read IP mode file for STMicroelectronics.X-CUBE-TCPP.4.2.0
2025-10-01 14:07:11,777 [WARN] PackLoader:240 - Cannot read IP mode file for RealThread.X-CUBE-RT-Thread_Nano.4.1.1
2025-10-01 14:07:11,780 [WARN] PackLoader:240 - Cannot read IP mode file for STMicroelectronics.FP-ATR-SIGFOX1.3.2.0
2025-10-01 14:07:11,784 [WARN] PackLoader:240 - Cannot read IP mode file for ITTIA_DB.I-CUBE-ITTIADB.8.9.0
2025-10-01 14:07:11,788 [WARN] PackLoader:240 - Cannot read IP mode file for STMicroelectronics.X-CUBE-ST67W61.1.0.0
2025-10-01 14:07:11,814 [WARN] PackLoader:240 - Cannot read IP mode file for SEGGER.I-CUBE-embOS.1.3.1
2025-10-01 14:07:11,844 [WARN] PackLoader:240 - Cannot read IP mode file for STMicroelectronics.X-CUBE-ALGOBUILD.1.4.0
2025-10-01 14:07:11,925 [WARN] PackLoader:240 - Cannot read IP mode file for STMicroelectronics.X-CUBE-MEMS1.11.3.0
2025-10-01 14:07:12,058 [WARN] PackLoader:240 - Cannot read IP mode file for STMicroelectronics.X-CUBE-PM33A1.1.0.0
2025-10-01 14:07:12,088 [WARN] PackLoader:240 - Cannot read IP mode file for STMicroelectronics.X-CUBE-AZRTOS-F4.1.1.0
2025-10-01 14:07:12,094 [WARN] PackLoader:240 - Cannot read IP mode file for Avnet-IotConnect.X-CUBE-IoTC-DA16k-PMOD.1.0.0
2025-10-01 14:07:12,097 [WARN] PackLoader:240 - Cannot read IP mode file for STMicroelectronics.X-CUBE-ISPU.2.1.0
2025-10-01 14:07:12,118 [WARN] PackLoader:240 - Cannot read IP mode file for STMicroelectronics.X-CUBE-AZRTOS-L5.2.0.0
2025-10-01 14:07:12,128 [WARN] PackLoader:240 - Cannot read IP mode file for STMicroelectronics.X-CUBE-NFC6.3.1.0
2025-10-01 14:07:12,136 [WARN] PackLoader:240 - Cannot read IP mode file for STMicroelectronics.X-CUBE-FREERTOS.1.3.1
2025-10-01 14:07:12,141 [WARN] PackLoader:240 - Cannot read IP mode file for STMicroelectronics.X-CUBE-DPower.1.3.0
2025-10-01 14:07:12,158 [WARN] ConditionMgr:438 - getConditionDescription Invalid condition id : LAN8742 Phy interface Condition cause : null
2025-10-01 14:07:12,158 [WARN] PackLoader:240 - Cannot read IP mode file for STMicroelectronics.X-CUBE-AZRTOS-L4.2.0.0
2025-10-01 14:07:12,159 [WARN] ConditionMgr:1044 - genDependencies : Invalid condition id : LAN8742 Phy interface Condition cause : null
2025-10-01 14:07:12,160 [WARN] ConditionMgr:1044 - genDependencies : Invalid condition id : LAN8742 Phy interface Condition cause : null
2025-10-01 14:07:12,160 [WARN] ConditionMgr:1044 - genDependencies : Invalid condition id : LAN8742 Phy interface Condition cause : null
2025-10-01 14:07:12,167 [WARN] PackLoader:240 - Cannot read IP mode file for STMicroelectronics.X-CUBE-SFXS2LP1.4.0.0
2025-10-01 14:07:12,180 [WARN] ConditionMgr:438 - getConditionDescription Invalid condition id : UX DEVICE CLASS RTOS Condition cause : null
2025-10-01 14:07:12,180 [WARN] ConditionMgr:438 - getConditionDescription Invalid condition id : UX DEVICE CLASS RTOS Condition cause : null
2025-10-01 14:07:12,181 [WARN] PackLoader:240 - Cannot read IP mode file for STMicroelectronics.X-CUBE-AZRTOS-WB.2.0.0
2025-10-01 14:07:12,182 [WARN] ConditionMgr:1044 - genDependencies : Invalid condition id : UX DEVICE CLASS RTOS Condition cause : null
2025-10-01 14:07:12,182 [WARN] ConditionMgr:1044 - genDependencies : Invalid condition id : UX DEVICE CLASS RTOS Condition cause : null
2025-10-01 14:07:12,183 [WARN] ConditionMgr:1044 - genDependencies : Invalid condition id : UX DEVICE CLASS RTOS Condition cause : null
2025-10-01 14:07:12,183 [WARN] ConditionMgr:1044 - genDependencies : Invalid condition id : UX DEVICE CLASS RTOS Condition cause : null
2025-10-01 14:07:12,183 [WARN] ConditionMgr:1044 - genDependencies : Invalid condition id : UX DEVICE CLASS RTOS Condition cause : null
2025-10-01 14:07:12,188 [WARN] PackLoader:240 - Cannot read IP mode file for STMicroelectronics.X-CUBE-GNSS1.7.0.1
2025-10-01 14:07:12,192 [WARN] PackLoader:240 - Cannot read IP mode file for STMicroelectronics.X-CUBE-TOUCHGFX.4.25.0
2025-10-01 14:07:12,194 [WARN] ConditionMgr:438 - getConditionDescription Invalid condition id : Cortex-A Device cause : null
2025-10-01 14:07:12,206 [WARN] ConditionMgr:1044 - genDependencies : Invalid condition id : Cortex-A Device cause : null
2025-10-01 14:07:12,207 [WARN] ConditionMgr:1044 - genDependencies : Invalid condition id : Cortex-A Device cause : null
2025-10-01 14:07:12,207 [WARN] ConditionMgr:1044 - genDependencies : Invalid condition id : Cortex-A Device cause : null
2025-10-01 14:07:12,215 [WARN] PackLoader:240 - Cannot read IP mode file for STMicroelectronics.X-CUBE-SUBG2.5.0.0
2025-10-01 14:07:12,235 [WARN] PackLoader:240 - Cannot read IP mode file for STMicroelectronics.X-CUBE-AZRTOS-H7RS.1.1.0
2025-10-01 14:07:12,247 [WARN] PackLoader:240 - Cannot read IP mode file for STMicroelectronics.X-CUBE-AZRTOS-G4.2.0.0
2025-10-01 14:07:12,253 [WARN] PackLoader:240 - Cannot read IP mode file for STMicroelectronics.X-CUBE-NFC7.2.0.0
2025-10-01 14:07:12,261 [WARN] PackLoader:240 - Cannot read IP mode file for STMicroelectronics.X-CUBE-IPS.3.1.0
2025-10-01 14:07:12,269 [WARN] PackLoader:240 - Cannot read IP mode file for STMicroelectronics.X-CUBE-ALS.1.0.2
2025-10-01 14:07:12,278 [WARN] PackLoader:240 - Cannot read IP mode file for STMicroelectronics.X-CUBE-TOF1.3.4.3
2025-10-01 14:07:12,289 [INFO] ThirdParty:978 - Integrity check success = true
2025-10-01 14:07:12,289 [INFO] IntegrityCheckThread:100 - exiting critical section [integrity check]
2025-10-01 14:07:12,290 [INFO] IntegrityCheckThread:103 - End integrity checks thread
2025-10-01 14:07:36,260 [ERROR] LogOutputStream:75 - [STDERR_REDIRECT] Oct 01, 2025 2:07:36 PM java.util.prefs.FileSystemPreferences checkLockFile0ErrorCode
2025-10-01 14:07:36,260 [ERROR] LogOutputStream:75 - [STDERR_REDIRECT] WARNING: Could not lock System prefs. Unix error code 2.
2025-10-01 14:07:36,260 [ERROR] LogOutputStream:75 - [STDERR_REDIRECT] 
2025-10-01 14:07:36,261 [ERROR] LogOutputStream:75 - [STDERR_REDIRECT] Oct 01, 2025 2:07:36 PM java.util.prefs.FileSystemPreferences syncWorld
2025-10-01 14:07:36,261 [ERROR] LogOutputStream:75 - [STDERR_REDIRECT] WARNING: Couldn't flush system prefs: java.util.prefs.BackingStoreException: Couldn't get file lock.
2025-10-01 14:07:36,261 [ERROR] LogOutputStream:75 - [STDERR_REDIRECT] 
2025-10-01 14:08:02,507 [ERROR] LogOutputStream:75 - [STDERR_REDIRECT] 
2025-10-01 14:08:02,508 [ERROR] LogOutputStream:75 - [STDERR_REDIRECT] 
